<?xml version="1.0" encoding="UTF-8"?>
<!-- Generated by org.testng.reporters.JUnitReportReporter -->
<testsuite skipped="0" hostname="DESKTOP-RPK6PAD" name="com.ngocpm.TestFormDKTT" tests="1" failures="0" timestamp="2020-06-20T19:39:38 ICT" time="9.360" errors="0">
  <testcase name="testFacebookLogin" time="9.360" classname="com.ngocpm.TestFormDKTT"/>
  <system-out/>
</testsuite> <!-- com.ngocpm.TestFormDKTT -->
