<?xml version="1.0" encoding="UTF-8"?>
<!-- Generated by org.testng.reporters.JUnitReportReporter -->
<testsuite skipped="0" hostname="DESKTOP-RPK6PAD" name="com.ngocpm.TestMenuDangKyHoc" tests="2" failures="0" timestamp="2020-06-24T11:16:41 ICT" time="12.329" errors="0">
  <testcase name="testFacebookLogin" time="6.192" classname="com.ngocpm.TestMenuDangKyHoc"/>
  <system-out/>
  <testcase name="Check3" time="6.137" classname="com.ngocpm.TestMenuDangKyHoc"/>
  <system-out/>
</testsuite> <!-- com.ngocpm.TestMenuDangKyHoc -->
