<?xml version="1.0" encoding="UTF-8"?>
<!-- Generated by org.testng.reporters.JUnitReportReporter -->
<testsuite skipped="0" hostname="DESKTOP-RPK6PAD" name="com.ngocpm.TestSearch" tests="1" failures="0" timestamp="2020-06-20T19:43:28 ICT" time="51.624" errors="0">
  <testcase name="testFacebookLogin" time="51.624" classname="com.ngocpm.TestSearch"/>
  <system-out/>
</testsuite> <!-- com.ngocpm.TestSearch -->
