<?xml version="1.0" encoding="UTF-8"?>
<!-- Generated by org.testng.reporters.JUnitReportReporter -->
<testsuite skipped="1" hostname="DESKTOP-RPK6PAD" name="com.ngocpm.TestMenuHDSV" tests="1" failures="0" timestamp="2020-06-19T14:26:30 ICT" time="0.000" errors="0">
  <testcase name="testFacebookLogin" time="0.000" classname="com.ngocpm.TestMenuHDSV">
    <skipped/>
  </testcase> <!-- testFacebookLogin -->
  <system-out/>
</testsuite> <!-- com.ngocpm.TestMenuHDSV -->
